<?xml version="1.0" encoding="UTF-8"?>
<!-- Generated by org.testng.reporters.JUnitReportReporter -->
<testsuite hostname="DESKTOP-Q9UR9H8" failures="0" tests="1" name="com.Zerodha.TestClass.TC02_VerifyMobileAppCodeFunctionality" time="38.561" errors="0" timestamp="2022-10-08T20:43:36 IST" skipped="0">
  <testcase classname="com.Zerodha.TestClass.TC02_VerifyMobileAppCodeFunctionality" name="VerifyMobileAppCodeFunctionality" time="38.561"/>
  <system-out/>
</testsuite> <!-- com.Zerodha.TestClass.TC02_VerifyMobileAppCodeFunctionality -->
