<?xml version="1.0" encoding="UTF-8"?>
<!-- Generated by org.testng.reporters.JUnitReportReporter -->
<testsuite hostname="DESKTOP-Q9UR9H8" failures="0" tests="1" name="com.Zerodha.TestClass.TC03_VerifyWatchlistHomeFunctionality" time="0.009" errors="0" timestamp="2022-10-08T20:43:37 IST" skipped="0">
  <testcase classname="com.Zerodha.TestClass.TC03_VerifyWatchlistHomeFunctionality" name="VerifyWatchlistHomeFunctionality" time="0.009"/>
  <system-out/>
</testsuite> <!-- com.Zerodha.TestClass.TC03_VerifyWatchlistHomeFunctionality -->
